// This is where an access log would be created
::1 - - [25/Apr/2022:15:25:31 +0000] "GET / HTTP/1.1" 200 2563 "-" "Mozilla/5.0 (Macintosh; Intel Mac OS X 10_15_7) AppleWebKit/537.36 (KHTML, like Gecko) Chrome/100.0.4896.127 Safari/537.36"
::1 - - [25/Apr/2022:15:25:31 +0000] "GET /style.css HTTP/1.1" 200 139 "http://localhost:5555/" "Mozilla/5.0 (Macintosh; Intel Mac OS X 10_15_7) AppleWebKit/537.36 (KHTML, like Gecko) Chrome/100.0.4896.127 Safari/537.36"
::1 - - [25/Apr/2022:15:25:31 +0000] "GET /main.js HTTP/1.1" 200 4133 "http://localhost:5555/" "Mozilla/5.0 (Macintosh; Intel Mac OS X 10_15_7) AppleWebKit/537.36 (KHTML, like Gecko) Chrome/100.0.4896.127 Safari/537.36"
::1 - - [25/Apr/2022:15:25:32 +0000] "GET /assets/favicon/manifest.json HTTP/1.1" 200 720 "http://localhost:5555/" "Mozilla/5.0 (Macintosh; Intel Mac OS X 10_15_7) AppleWebKit/537.36 (KHTML, like Gecko) Chrome/100.0.4896.127 Safari/537.36"
::1 - - [25/Apr/2022:15:25:32 +0000] "GET /assets/favicon/favicon-32x32.png HTTP/1.1" 200 4940 "http://localhost:5555/" "Mozilla/5.0 (Macintosh; Intel Mac OS X 10_15_7) AppleWebKit/537.36 (KHTML, like Gecko) Chrome/100.0.4896.127 Safari/537.36"
::1 - - [25/Apr/2022:15:25:34 +0000] "GET /?number=10 HTTP/1.1" 200 2563 "http://localhost:5555/" "Mozilla/5.0 (Macintosh; Intel Mac OS X 10_15_7) AppleWebKit/537.36 (KHTML, like Gecko) Chrome/100.0.4896.127 Safari/537.36"
::1 - - [25/Apr/2022:15:25:34 +0000] "GET /style.css HTTP/1.1" 304 - "http://localhost:5555/?number=10" "Mozilla/5.0 (Macintosh; Intel Mac OS X 10_15_7) AppleWebKit/537.36 (KHTML, like Gecko) Chrome/100.0.4896.127 Safari/537.36"
::1 - - [25/Apr/2022:15:25:34 +0000] "GET /main.js HTTP/1.1" 304 - "http://localhost:5555/?number=10" "Mozilla/5.0 (Macintosh; Intel Mac OS X 10_15_7) AppleWebKit/537.36 (KHTML, like Gecko) Chrome/100.0.4896.127 Safari/537.36"
::1 - - [25/Apr/2022:15:25:34 +0000] "GET /assets/favicon/manifest.json HTTP/1.1" 304 - "http://localhost:5555/?number=10" "Mozilla/5.0 (Macintosh; Intel Mac OS X 10_15_7) AppleWebKit/537.36 (KHTML, like Gecko) Chrome/100.0.4896.127 Safari/537.36"
::1 - - [25/Apr/2022:15:25:36 +0000] "GET /?number=10 HTTP/1.1" 304 - "http://localhost:5555/?number=10" "Mozilla/5.0 (Macintosh; Intel Mac OS X 10_15_7) AppleWebKit/537.36 (KHTML, like Gecko) Chrome/100.0.4896.127 Safari/537.36"
::1 - - [25/Apr/2022:15:25:36 +0000] "GET /style.css HTTP/1.1" 304 - "http://localhost:5555/?number=10" "Mozilla/5.0 (Macintosh; Intel Mac OS X 10_15_7) AppleWebKit/537.36 (KHTML, like Gecko) Chrome/100.0.4896.127 Safari/537.36"
::1 - - [25/Apr/2022:15:25:36 +0000] "GET /main.js HTTP/1.1" 304 - "http://localhost:5555/?number=10" "Mozilla/5.0 (Macintosh; Intel Mac OS X 10_15_7) AppleWebKit/537.36 (KHTML, like Gecko) Chrome/100.0.4896.127 Safari/537.36"
::1 - - [25/Apr/2022:15:25:36 +0000] "GET /assets/favicon/manifest.json HTTP/1.1" 304 - "http://localhost:5555/?number=10" "Mozilla/5.0 (Macintosh; Intel Mac OS X 10_15_7) AppleWebKit/537.36 (KHTML, like Gecko) Chrome/100.0.4896.127 Safari/537.36"
::1 - - [25/Apr/2022:15:25:44 +0000] "GET /?number=10 HTTP/1.1" 304 - "http://localhost:5555/?number=10" "Mozilla/5.0 (Macintosh; Intel Mac OS X 10_15_7) AppleWebKit/537.36 (KHTML, like Gecko) Chrome/100.0.4896.127 Safari/537.36"
::1 - - [25/Apr/2022:15:25:44 +0000] "GET /style.css HTTP/1.1" 304 - "http://localhost:5555/?number=10" "Mozilla/5.0 (Macintosh; Intel Mac OS X 10_15_7) AppleWebKit/537.36 (KHTML, like Gecko) Chrome/100.0.4896.127 Safari/537.36"
::1 - - [25/Apr/2022:15:25:44 +0000] "GET /main.js HTTP/1.1" 304 - "http://localhost:5555/?number=10" "Mozilla/5.0 (Macintosh; Intel Mac OS X 10_15_7) AppleWebKit/537.36 (KHTML, like Gecko) Chrome/100.0.4896.127 Safari/537.36"
::1 - - [25/Apr/2022:15:25:44 +0000] "GET /assets/favicon/manifest.json HTTP/1.1" 304 - "http://localhost:5555/?number=10" "Mozilla/5.0 (Macintosh; Intel Mac OS X 10_15_7) AppleWebKit/537.36 (KHTML, like Gecko) Chrome/100.0.4896.127 Safari/537.36"
::1 - - [25/Apr/2022:15:25:44 +0000] "GET /assets/favicon/favicon-32x32.png HTTP/1.1" 304 - "http://localhost:5555/?number=10" "Mozilla/5.0 (Macintosh; Intel Mac OS X 10_15_7) AppleWebKit/537.36 (KHTML, like Gecko) Chrome/100.0.4896.127 Safari/537.36"
::1 - - [25/Apr/2022:15:25:46 +0000] "GET / HTTP/1.1" 304 - "-" "Mozilla/5.0 (Macintosh; Intel Mac OS X 10_15_7) AppleWebKit/537.36 (KHTML, like Gecko) Chrome/100.0.4896.127 Safari/537.36"
::1 - - [25/Apr/2022:15:25:46 +0000] "GET /style.css HTTP/1.1" 304 - "http://localhost:5555/" "Mozilla/5.0 (Macintosh; Intel Mac OS X 10_15_7) AppleWebKit/537.36 (KHTML, like Gecko) Chrome/100.0.4896.127 Safari/537.36"
::1 - - [25/Apr/2022:15:25:46 +0000] "GET /main.js HTTP/1.1" 304 - "http://localhost:5555/" "Mozilla/5.0 (Macintosh; Intel Mac OS X 10_15_7) AppleWebKit/537.36 (KHTML, like Gecko) Chrome/100.0.4896.127 Safari/537.36"
::1 - - [25/Apr/2022:15:25:47 +0000] "GET /assets/favicon/manifest.json HTTP/1.1" 304 - "http://localhost:5555/" "Mozilla/5.0 (Macintosh; Intel Mac OS X 10_15_7) AppleWebKit/537.36 (KHTML, like Gecko) Chrome/100.0.4896.127 Safari/537.36"
::1 - - [25/Apr/2022:15:25:49 +0000] "GET /?number=-11 HTTP/1.1" 200 2563 "http://localhost:5555/" "Mozilla/5.0 (Macintosh; Intel Mac OS X 10_15_7) AppleWebKit/537.36 (KHTML, like Gecko) Chrome/100.0.4896.127 Safari/537.36"
::1 - - [25/Apr/2022:15:25:49 +0000] "GET /style.css HTTP/1.1" 304 - "http://localhost:5555/?number=-11" "Mozilla/5.0 (Macintosh; Intel Mac OS X 10_15_7) AppleWebKit/537.36 (KHTML, like Gecko) Chrome/100.0.4896.127 Safari/537.36"
::1 - - [25/Apr/2022:15:25:49 +0000] "GET /main.js HTTP/1.1" 304 - "http://localhost:5555/?number=-11" "Mozilla/5.0 (Macintosh; Intel Mac OS X 10_15_7) AppleWebKit/537.36 (KHTML, like Gecko) Chrome/100.0.4896.127 Safari/537.36"
::1 - - [25/Apr/2022:15:25:49 +0000] "GET /assets/favicon/manifest.json HTTP/1.1" 304 - "http://localhost:5555/?number=-11" "Mozilla/5.0 (Macintosh; Intel Mac OS X 10_15_7) AppleWebKit/537.36 (KHTML, like Gecko) Chrome/100.0.4896.127 Safari/537.36"
::1 - - [25/Apr/2022:15:26:00 +0000] "GET /style.css HTTP/1.1" 304 - "http://localhost:5555/?number=-11" "Mozilla/5.0 (Macintosh; Intel Mac OS X 10_15_7) AppleWebKit/537.36 (KHTML, like Gecko) Chrome/100.0.4896.127 Safari/537.36"
::1 - - [25/Apr/2022:15:26:00 +0000] "GET /main.js HTTP/1.1" 304 - "http://localhost:5555/?number=-11" "Mozilla/5.0 (Macintosh; Intel Mac OS X 10_15_7) AppleWebKit/537.36 (KHTML, like Gecko) Chrome/100.0.4896.127 Safari/537.36"
::1 - - [25/Apr/2022:15:26:00 +0000] "GET /assets/favicon/manifest.json HTTP/1.1" 304 - "http://localhost:5555/?number=-11" "Mozilla/5.0 (Macintosh; Intel Mac OS X 10_15_7) AppleWebKit/537.36 (KHTML, like Gecko) Chrome/100.0.4896.127 Safari/537.36"
::1 - - [25/Apr/2022:15:26:02 +0000] "GET /?number= HTTP/1.1" 200 2563 "http://localhost:5555/?number=-11" "Mozilla/5.0 (Macintosh; Intel Mac OS X 10_15_7) AppleWebKit/537.36 (KHTML, like Gecko) Chrome/100.0.4896.127 Safari/537.36"
::1 - - [25/Apr/2022:15:26:02 +0000] "GET /style.css HTTP/1.1" 304 - "http://localhost:5555/?number=" "Mozilla/5.0 (Macintosh; Intel Mac OS X 10_15_7) AppleWebKit/537.36 (KHTML, like Gecko) Chrome/100.0.4896.127 Safari/537.36"
::1 - - [25/Apr/2022:15:26:02 +0000] "GET /main.js HTTP/1.1" 304 - "http://localhost:5555/?number=" "Mozilla/5.0 (Macintosh; Intel Mac OS X 10_15_7) AppleWebKit/537.36 (KHTML, like Gecko) Chrome/100.0.4896.127 Safari/537.36"
::1 - - [25/Apr/2022:15:26:02 +0000] "GET /assets/favicon/manifest.json HTTP/1.1" 304 - "http://localhost:5555/?number=" "Mozilla/5.0 (Macintosh; Intel Mac OS X 10_15_7) AppleWebKit/537.36 (KHTML, like Gecko) Chrome/100.0.4896.127 Safari/537.36"
::1 - - [25/Apr/2022:15:26:52 +0000] "GET /style.css HTTP/1.1" 304 - "http://localhost:5555/?number=" "Mozilla/5.0 (Macintosh; Intel Mac OS X 10_15_7) AppleWebKit/537.36 (KHTML, like Gecko) Chrome/100.0.4896.127 Safari/537.36"
::1 - - [25/Apr/2022:15:26:52 +0000] "GET /main.js HTTP/1.1" 304 - "http://localhost:5555/?number=" "Mozilla/5.0 (Macintosh; Intel Mac OS X 10_15_7) AppleWebKit/537.36 (KHTML, like Gecko) Chrome/100.0.4896.127 Safari/537.36"
::1 - - [25/Apr/2022:15:26:53 +0000] "GET /assets/favicon/manifest.json HTTP/1.1" 304 - "http://localhost:5555/?number=" "Mozilla/5.0 (Macintosh; Intel Mac OS X 10_15_7) AppleWebKit/537.36 (KHTML, like Gecko) Chrome/100.0.4896.127 Safari/537.36"
::1 - - [25/Apr/2022:15:26:53 +0000] "GET /?number= HTTP/1.1" 200 4542 "http://localhost:5555/?number=-11" "Mozilla/5.0 (Macintosh; Intel Mac OS X 10_15_7) AppleWebKit/537.36 (KHTML, like Gecko) Chrome/100.0.4896.127 Safari/537.36"
::1 - - [25/Apr/2022:15:26:53 +0000] "GET /style.css HTTP/1.1" 304 - "http://localhost:5555/?number=" "Mozilla/5.0 (Macintosh; Intel Mac OS X 10_15_7) AppleWebKit/537.36 (KHTML, like Gecko) Chrome/100.0.4896.127 Safari/537.36"
::1 - - [25/Apr/2022:15:26:53 +0000] "GET /assets/img/coin.png HTTP/1.1" 200 735744 "http://localhost:5555/?number=" "Mozilla/5.0 (Macintosh; Intel Mac OS X 10_15_7) AppleWebKit/537.36 (KHTML, like Gecko) Chrome/100.0.4896.127 Safari/537.36"
::1 - - [25/Apr/2022:15:26:53 +0000] "GET /assets/img/tails.png HTTP/1.1" 200 652124 "http://localhost:5555/?number=" "Mozilla/5.0 (Macintosh; Intel Mac OS X 10_15_7) AppleWebKit/537.36 (KHTML, like Gecko) Chrome/100.0.4896.127 Safari/537.36"
::1 - - [25/Apr/2022:15:26:53 +0000] "GET /assets/img/heads.png HTTP/1.1" 200 928698 "http://localhost:5555/?number=" "Mozilla/5.0 (Macintosh; Intel Mac OS X 10_15_7) AppleWebKit/537.36 (KHTML, like Gecko) Chrome/100.0.4896.127 Safari/537.36"
::1 - - [25/Apr/2022:15:26:53 +0000] "GET /main.js HTTP/1.1" 304 - "http://localhost:5555/?number=" "Mozilla/5.0 (Macintosh; Intel Mac OS X 10_15_7) AppleWebKit/537.36 (KHTML, like Gecko) Chrome/100.0.4896.127 Safari/537.36"
::1 - - [25/Apr/2022:15:26:53 +0000] "GET /assets/favicon/manifest.json HTTP/1.1" 304 - "http://localhost:5555/?number=" "Mozilla/5.0 (Macintosh; Intel Mac OS X 10_15_7) AppleWebKit/537.36 (KHTML, like Gecko) Chrome/100.0.4896.127 Safari/537.36"
::1 - - [25/Apr/2022:15:26:53 +0000] "GET /assets/favicon/favicon-32x32.png HTTP/1.1" 304 - "http://localhost:5555/?number=" "Mozilla/5.0 (Macintosh; Intel Mac OS X 10_15_7) AppleWebKit/537.36 (KHTML, like Gecko) Chrome/100.0.4896.127 Safari/537.36"
::1 - - [25/Apr/2022:15:27:03 +0000] "POST /?number=app/flip/coins/ HTTP/1.1" 404 38 "http://localhost:5555/?number=" "Mozilla/5.0 (Macintosh; Intel Mac OS X 10_15_7) AppleWebKit/537.36 (KHTML, like Gecko) Chrome/100.0.4896.127 Safari/537.36"
::1 - - [25/Apr/2022:15:27:03 +0000] "POST /?number=app/flip/coins/ HTTP/1.1" 404 38 "http://localhost:5555/?number=" "Mozilla/5.0 (Macintosh; Intel Mac OS X 10_15_7) AppleWebKit/537.36 (KHTML, like Gecko) Chrome/100.0.4896.127 Safari/537.36"
::1 - - [25/Apr/2022:15:27:04 +0000] "POST /?number=app/flip/coins/ HTTP/1.1" 404 38 "http://localhost:5555/?number=" "Mozilla/5.0 (Macintosh; Intel Mac OS X 10_15_7) AppleWebKit/537.36 (KHTML, like Gecko) Chrome/100.0.4896.127 Safari/537.36"
::1 - - [25/Apr/2022:15:27:07 +0000] "GET /?number=10 HTTP/1.1" 200 4542 "-" "Mozilla/5.0 (Macintosh; Intel Mac OS X 10_15_7) AppleWebKit/537.36 (KHTML, like Gecko) Chrome/100.0.4896.127 Safari/537.36"
::1 - - [25/Apr/2022:15:27:07 +0000] "GET /style.css HTTP/1.1" 304 - "http://localhost:5555/?number=10" "Mozilla/5.0 (Macintosh; Intel Mac OS X 10_15_7) AppleWebKit/537.36 (KHTML, like Gecko) Chrome/100.0.4896.127 Safari/537.36"
::1 - - [25/Apr/2022:15:27:07 +0000] "GET /assets/img/coin.png HTTP/1.1" 304 - "http://localhost:5555/?number=10" "Mozilla/5.0 (Macintosh; Intel Mac OS X 10_15_7) AppleWebKit/537.36 (KHTML, like Gecko) Chrome/100.0.4896.127 Safari/537.36"
::1 - - [25/Apr/2022:15:27:08 +0000] "GET /main.js HTTP/1.1" 304 - "http://localhost:5555/?number=10" "Mozilla/5.0 (Macintosh; Intel Mac OS X 10_15_7) AppleWebKit/537.36 (KHTML, like Gecko) Chrome/100.0.4896.127 Safari/537.36"
::1 - - [25/Apr/2022:15:27:08 +0000] "GET /assets/img/tails.png HTTP/1.1" 304 - "http://localhost:5555/?number=10" "Mozilla/5.0 (Macintosh; Intel Mac OS X 10_15_7) AppleWebKit/537.36 (KHTML, like Gecko) Chrome/100.0.4896.127 Safari/537.36"
::1 - - [25/Apr/2022:15:27:08 +0000] "GET /assets/img/heads.png HTTP/1.1" 304 - "http://localhost:5555/?number=10" "Mozilla/5.0 (Macintosh; Intel Mac OS X 10_15_7) AppleWebKit/537.36 (KHTML, like Gecko) Chrome/100.0.4896.127 Safari/537.36"
::1 - - [25/Apr/2022:15:27:08 +0000] "GET /assets/favicon/manifest.json HTTP/1.1" 304 - "http://localhost:5555/?number=10" "Mozilla/5.0 (Macintosh; Intel Mac OS X 10_15_7) AppleWebKit/537.36 (KHTML, like Gecko) Chrome/100.0.4896.127 Safari/537.36"
::1 - - [25/Apr/2022:15:27:10 +0000] "GET / HTTP/1.1" 200 4542 "-" "Mozilla/5.0 (Macintosh; Intel Mac OS X 10_15_7) AppleWebKit/537.36 (KHTML, like Gecko) Chrome/100.0.4896.127 Safari/537.36"
::1 - - [25/Apr/2022:15:27:10 +0000] "GET /style.css HTTP/1.1" 304 - "http://localhost:5555/" "Mozilla/5.0 (Macintosh; Intel Mac OS X 10_15_7) AppleWebKit/537.36 (KHTML, like Gecko) Chrome/100.0.4896.127 Safari/537.36"
::1 - - [25/Apr/2022:15:27:10 +0000] "GET /assets/img/coin.png HTTP/1.1" 304 - "http://localhost:5555/" "Mozilla/5.0 (Macintosh; Intel Mac OS X 10_15_7) AppleWebKit/537.36 (KHTML, like Gecko) Chrome/100.0.4896.127 Safari/537.36"
::1 - - [25/Apr/2022:15:27:10 +0000] "GET /assets/img/heads.png HTTP/1.1" 304 - "http://localhost:5555/" "Mozilla/5.0 (Macintosh; Intel Mac OS X 10_15_7) AppleWebKit/537.36 (KHTML, like Gecko) Chrome/100.0.4896.127 Safari/537.36"
::1 - - [25/Apr/2022:15:27:10 +0000] "GET /assets/img/tails.png HTTP/1.1" 304 - "http://localhost:5555/" "Mozilla/5.0 (Macintosh; Intel Mac OS X 10_15_7) AppleWebKit/537.36 (KHTML, like Gecko) Chrome/100.0.4896.127 Safari/537.36"
::1 - - [25/Apr/2022:15:27:10 +0000] "GET /main.js HTTP/1.1" 304 - "http://localhost:5555/" "Mozilla/5.0 (Macintosh; Intel Mac OS X 10_15_7) AppleWebKit/537.36 (KHTML, like Gecko) Chrome/100.0.4896.127 Safari/537.36"
::1 - - [25/Apr/2022:15:27:10 +0000] "GET /assets/favicon/manifest.json HTTP/1.1" 304 - "http://localhost:5555/" "Mozilla/5.0 (Macintosh; Intel Mac OS X 10_15_7) AppleWebKit/537.36 (KHTML, like Gecko) Chrome/100.0.4896.127 Safari/537.36"
::1 - - [25/Apr/2022:15:27:14 +0000] "GET /app/flip HTTP/1.1" 200 16 "http://localhost:5555/" "Mozilla/5.0 (Macintosh; Intel Mac OS X 10_15_7) AppleWebKit/537.36 (KHTML, like Gecko) Chrome/100.0.4896.127 Safari/537.36"
::1 - - [25/Apr/2022:15:27:20 +0000] "POST /app/flip/coins/ HTTP/1.1" 200 121 "http://localhost:5555/" "Mozilla/5.0 (Macintosh; Intel Mac OS X 10_15_7) AppleWebKit/537.36 (KHTML, like Gecko) Chrome/100.0.4896.127 Safari/537.36"
::1 - - [25/Apr/2022:15:27:21 +0000] "POST /app/flip/coins/ HTTP/1.1" 200 121 "http://localhost:5555/" "Mozilla/5.0 (Macintosh; Intel Mac OS X 10_15_7) AppleWebKit/537.36 (KHTML, like Gecko) Chrome/100.0.4896.127 Safari/537.36"
::1 - - [25/Apr/2022:15:27:24 +0000] "POST /app/flip/coins/ HTTP/1.1" 200 202 "http://localhost:5555/" "Mozilla/5.0 (Macintosh; Intel Mac OS X 10_15_7) AppleWebKit/537.36 (KHTML, like Gecko) Chrome/100.0.4896.127 Safari/537.36"
::1 - - [25/Apr/2022:15:27:27 +0000] "POST /app/flip/coins/ HTTP/1.1" 200 283 "http://localhost:5555/" "Mozilla/5.0 (Macintosh; Intel Mac OS X 10_15_7) AppleWebKit/537.36 (KHTML, like Gecko) Chrome/100.0.4896.127 Safari/537.36"
::1 - - [25/Apr/2022:15:27:30 +0000] "POST /app/flip/coins/ HTTP/1.1" 200 443 "http://localhost:5555/" "Mozilla/5.0 (Macintosh; Intel Mac OS X 10_15_7) AppleWebKit/537.36 (KHTML, like Gecko) Chrome/100.0.4896.127 Safari/537.36"
::1 - - [25/Apr/2022:15:27:32 +0000] "POST /app/flip/call/ HTTP/1.1" 500 142 "http://localhost:5555/" "Mozilla/5.0 (Macintosh; Intel Mac OS X 10_15_7) AppleWebKit/537.36 (KHTML, like Gecko) Chrome/100.0.4896.127 Safari/537.36"
::1 - - [25/Apr/2022:15:27:35 +0000] "POST /app/flip/call/ HTTP/1.1" 200 47 "http://localhost:5555/" "Mozilla/5.0 (Macintosh; Intel Mac OS X 10_15_7) AppleWebKit/537.36 (KHTML, like Gecko) Chrome/100.0.4896.127 Safari/537.36"
::1 - - [25/Apr/2022:15:30:46 +0000] "GET /assets/img/coin.png HTTP/1.1" 304 - "http://localhost:5555/" "Mozilla/5.0 (Macintosh; Intel Mac OS X 10_15_7) AppleWebKit/537.36 (KHTML, like Gecko) Chrome/100.0.4896.127 Safari/537.36"
::1 - - [25/Apr/2022:15:30:46 +0000] "GET /style.css HTTP/1.1" 200 501 "http://localhost:5555/" "Mozilla/5.0 (Macintosh; Intel Mac OS X 10_15_7) AppleWebKit/537.36 (KHTML, like Gecko) Chrome/100.0.4896.127 Safari/537.36"
::1 - - [25/Apr/2022:15:30:46 +0000] "GET /assets/img/heads.png HTTP/1.1" 304 - "http://localhost:5555/" "Mozilla/5.0 (Macintosh; Intel Mac OS X 10_15_7) AppleWebKit/537.36 (KHTML, like Gecko) Chrome/100.0.4896.127 Safari/537.36"
::1 - - [25/Apr/2022:15:30:46 +0000] "GET /assets/img/tails.png HTTP/1.1" 304 - "http://localhost:5555/" "Mozilla/5.0 (Macintosh; Intel Mac OS X 10_15_7) AppleWebKit/537.36 (KHTML, like Gecko) Chrome/100.0.4896.127 Safari/537.36"
::1 - - [25/Apr/2022:15:30:46 +0000] "GET /main.js HTTP/1.1" 200 4133 "http://localhost:5555/" "Mozilla/5.0 (Macintosh; Intel Mac OS X 10_15_7) AppleWebKit/537.36 (KHTML, like Gecko) Chrome/100.0.4896.127 Safari/537.36"
::1 - - [25/Apr/2022:15:30:46 +0000] "GET /assets/favicon/manifest.json HTTP/1.1" 304 - "http://localhost:5555/" "Mozilla/5.0 (Macintosh; Intel Mac OS X 10_15_7) AppleWebKit/537.36 (KHTML, like Gecko) Chrome/100.0.4896.127 Safari/537.36"
::1 - - [25/Apr/2022:15:30:55 +0000] "GET /app/flip HTTP/1.1" 304 - "http://localhost:5555/" "Mozilla/5.0 (Macintosh; Intel Mac OS X 10_15_7) AppleWebKit/537.36 (KHTML, like Gecko) Chrome/100.0.4896.127 Safari/537.36"
::1 - - [25/Apr/2022:15:30:58 +0000] "POST /app/flip/coins/ HTTP/1.1" 200 443 "http://localhost:5555/" "Mozilla/5.0 (Macintosh; Intel Mac OS X 10_15_7) AppleWebKit/537.36 (KHTML, like Gecko) Chrome/100.0.4896.127 Safari/537.36"
::1 - - [25/Apr/2022:15:31:01 +0000] "POST /app/flip/call/ HTTP/1.1" 200 46 "http://localhost:5555/" "Mozilla/5.0 (Macintosh; Intel Mac OS X 10_15_7) AppleWebKit/537.36 (KHTML, like Gecko) Chrome/100.0.4896.127 Safari/537.36"
::1 - - [25/Apr/2022:15:31:37 +0000] "GET /style.css HTTP/1.1" 304 - "http://localhost:5555/" "Mozilla/5.0 (Macintosh; Intel Mac OS X 10_15_7) AppleWebKit/537.36 (KHTML, like Gecko) Chrome/100.0.4896.127 Safari/537.36"
::1 - - [25/Apr/2022:15:31:37 +0000] "GET /assets/img/coin.png HTTP/1.1" 304 - "http://localhost:5555/" "Mozilla/5.0 (Macintosh; Intel Mac OS X 10_15_7) AppleWebKit/537.36 (KHTML, like Gecko) Chrome/100.0.4896.127 Safari/537.36"
::1 - - [25/Apr/2022:15:31:37 +0000] "GET /main.js HTTP/1.1" 304 - "http://localhost:5555/" "Mozilla/5.0 (Macintosh; Intel Mac OS X 10_15_7) AppleWebKit/537.36 (KHTML, like Gecko) Chrome/100.0.4896.127 Safari/537.36"
::1 - - [25/Apr/2022:15:31:37 +0000] "GET /assets/img/tails.png HTTP/1.1" 304 - "http://localhost:5555/" "Mozilla/5.0 (Macintosh; Intel Mac OS X 10_15_7) AppleWebKit/537.36 (KHTML, like Gecko) Chrome/100.0.4896.127 Safari/537.36"
::1 - - [25/Apr/2022:15:31:37 +0000] "GET /assets/img/heads.png HTTP/1.1" 304 - "http://localhost:5555/" "Mozilla/5.0 (Macintosh; Intel Mac OS X 10_15_7) AppleWebKit/537.36 (KHTML, like Gecko) Chrome/100.0.4896.127 Safari/537.36"
::1 - - [25/Apr/2022:15:31:37 +0000] "GET /assets/favicon/manifest.json HTTP/1.1" 304 - "http://localhost:5555/" "Mozilla/5.0 (Macintosh; Intel Mac OS X 10_15_7) AppleWebKit/537.36 (KHTML, like Gecko) Chrome/100.0.4896.127 Safari/537.36"
::1 - - [25/Apr/2022:15:31:41 +0000] "GET /app/flip HTTP/1.1" 200 16 "http://localhost:5555/" "Mozilla/5.0 (Macintosh; Intel Mac OS X 10_15_7) AppleWebKit/537.36 (KHTML, like Gecko) Chrome/100.0.4896.127 Safari/537.36"
::1 - - [25/Apr/2022:15:31:43 +0000] "POST /app/flip/call/ HTTP/1.1" 200 47 "http://localhost:5555/" "Mozilla/5.0 (Macintosh; Intel Mac OS X 10_15_7) AppleWebKit/537.36 (KHTML, like Gecko) Chrome/100.0.4896.127 Safari/537.36"
::1 - - [25/Apr/2022:15:31:45 +0000] "POST /app/flip/coins/ HTTP/1.1" 200 443 "http://localhost:5555/" "Mozilla/5.0 (Macintosh; Intel Mac OS X 10_15_7) AppleWebKit/537.36 (KHTML, like Gecko) Chrome/100.0.4896.127 Safari/537.36"
::1 - - [25/Apr/2022:15:34:44 +0000] "GET / HTTP/1.1" 200 4970 "-" "Mozilla/5.0 (Macintosh; Intel Mac OS X 10_15_7) AppleWebKit/537.36 (KHTML, like Gecko) Chrome/100.0.4896.127 Safari/537.36"
::1 - - [25/Apr/2022:15:34:44 +0000] "GET /style.css HTTP/1.1" 304 - "http://localhost:5555/" "Mozilla/5.0 (Macintosh; Intel Mac OS X 10_15_7) AppleWebKit/537.36 (KHTML, like Gecko) Chrome/100.0.4896.127 Safari/537.36"
::1 - - [25/Apr/2022:15:34:44 +0000] "GET /main.js HTTP/1.1" 304 - "http://localhost:5555/" "Mozilla/5.0 (Macintosh; Intel Mac OS X 10_15_7) AppleWebKit/537.36 (KHTML, like Gecko) Chrome/100.0.4896.127 Safari/537.36"
::1 - - [25/Apr/2022:15:34:44 +0000] "GET /assets/img/coin.png HTTP/1.1" 304 - "http://localhost:5555/" "Mozilla/5.0 (Macintosh; Intel Mac OS X 10_15_7) AppleWebKit/537.36 (KHTML, like Gecko) Chrome/100.0.4896.127 Safari/537.36"
::1 - - [25/Apr/2022:15:34:44 +0000] "GET /assets/img/heads.png HTTP/1.1" 304 - "http://localhost:5555/" "Mozilla/5.0 (Macintosh; Intel Mac OS X 10_15_7) AppleWebKit/537.36 (KHTML, like Gecko) Chrome/100.0.4896.127 Safari/537.36"
::1 - - [25/Apr/2022:15:34:44 +0000] "GET /assets/img/tails.png HTTP/1.1" 304 - "http://localhost:5555/" "Mozilla/5.0 (Macintosh; Intel Mac OS X 10_15_7) AppleWebKit/537.36 (KHTML, like Gecko) Chrome/100.0.4896.127 Safari/537.36"
::1 - - [25/Apr/2022:15:34:44 +0000] "GET /assets/favicon/manifest.json HTTP/1.1" 304 - "http://localhost:5555/" "Mozilla/5.0 (Macintosh; Intel Mac OS X 10_15_7) AppleWebKit/537.36 (KHTML, like Gecko) Chrome/100.0.4896.127 Safari/537.36"
::1 - - [25/Apr/2022:15:34:49 +0000] "POST /app/flip/coins/ HTTP/1.1" 200 843 "http://localhost:5555/" "Mozilla/5.0 (Macintosh; Intel Mac OS X 10_15_7) AppleWebKit/537.36 (KHTML, like Gecko) Chrome/100.0.4896.127 Safari/537.36"
::1 - - [25/Apr/2022:15:35:39 +0000] "GET /style.css HTTP/1.1" 304 - "http://localhost:5555/" "Mozilla/5.0 (Macintosh; Intel Mac OS X 10_15_7) AppleWebKit/537.36 (KHTML, like Gecko) Chrome/100.0.4896.127 Safari/537.36"
::1 - - [25/Apr/2022:15:35:39 +0000] "GET /main.js HTTP/1.1" 304 - "http://localhost:5555/" "Mozilla/5.0 (Macintosh; Intel Mac OS X 10_15_7) AppleWebKit/537.36 (KHTML, like Gecko) Chrome/100.0.4896.127 Safari/537.36"
::1 - - [25/Apr/2022:15:35:39 +0000] "GET /assets/img/coin.png HTTP/1.1" 304 - "http://localhost:5555/" "Mozilla/5.0 (Macintosh; Intel Mac OS X 10_15_7) AppleWebKit/537.36 (KHTML, like Gecko) Chrome/100.0.4896.127 Safari/537.36"
::1 - - [25/Apr/2022:15:35:39 +0000] "GET /assets/img/heads.png HTTP/1.1" 304 - "http://localhost:5555/" "Mozilla/5.0 (Macintosh; Intel Mac OS X 10_15_7) AppleWebKit/537.36 (KHTML, like Gecko) Chrome/100.0.4896.127 Safari/537.36"
::1 - - [25/Apr/2022:15:35:39 +0000] "GET /assets/img/tails.png HTTP/1.1" 304 - "http://localhost:5555/" "Mozilla/5.0 (Macintosh; Intel Mac OS X 10_15_7) AppleWebKit/537.36 (KHTML, like Gecko) Chrome/100.0.4896.127 Safari/537.36"
::1 - - [25/Apr/2022:15:35:40 +0000] "GET /assets/favicon/manifest.json HTTP/1.1" 304 - "http://localhost:5555/" "Mozilla/5.0 (Macintosh; Intel Mac OS X 10_15_7) AppleWebKit/537.36 (KHTML, like Gecko) Chrome/100.0.4896.127 Safari/537.36"
::1 - - [25/Apr/2022:15:36:27 +0000] "GET /style.css HTTP/1.1" 304 - "http://localhost:5555/" "Mozilla/5.0 (Macintosh; Intel Mac OS X 10_15_7) AppleWebKit/537.36 (KHTML, like Gecko) Chrome/100.0.4896.127 Safari/537.36"
::1 - - [25/Apr/2022:15:36:27 +0000] "GET /main.js HTTP/1.1" 304 - "http://localhost:5555/" "Mozilla/5.0 (Macintosh; Intel Mac OS X 10_15_7) AppleWebKit/537.36 (KHTML, like Gecko) Chrome/100.0.4896.127 Safari/537.36"
::1 - - [25/Apr/2022:15:36:27 +0000] "GET /assets/img/coin.png HTTP/1.1" 304 - "http://localhost:5555/" "Mozilla/5.0 (Macintosh; Intel Mac OS X 10_15_7) AppleWebKit/537.36 (KHTML, like Gecko) Chrome/100.0.4896.127 Safari/537.36"
::1 - - [25/Apr/2022:15:36:27 +0000] "GET /assets/img/heads.png HTTP/1.1" 304 - "http://localhost:5555/" "Mozilla/5.0 (Macintosh; Intel Mac OS X 10_15_7) AppleWebKit/537.36 (KHTML, like Gecko) Chrome/100.0.4896.127 Safari/537.36"
::1 - - [25/Apr/2022:15:36:27 +0000] "GET /assets/img/tails.png HTTP/1.1" 304 - "http://localhost:5555/" "Mozilla/5.0 (Macintosh; Intel Mac OS X 10_15_7) AppleWebKit/537.36 (KHTML, like Gecko) Chrome/100.0.4896.127 Safari/537.36"
::1 - - [25/Apr/2022:15:36:28 +0000] "GET /assets/favicon/manifest.json HTTP/1.1" 304 - "http://localhost:5555/" "Mozilla/5.0 (Macintosh; Intel Mac OS X 10_15_7) AppleWebKit/537.36 (KHTML, like Gecko) Chrome/100.0.4896.127 Safari/537.36"
::1 - - [25/Apr/2022:15:36:28 +0000] "GET / HTTP/1.1" 200 5066 "-" "Mozilla/5.0 (Macintosh; Intel Mac OS X 10_15_7) AppleWebKit/537.36 (KHTML, like Gecko) Chrome/100.0.4896.127 Safari/537.36"
::1 - - [25/Apr/2022:15:36:28 +0000] "GET /style.css HTTP/1.1" 304 - "http://localhost:5555/" "Mozilla/5.0 (Macintosh; Intel Mac OS X 10_15_7) AppleWebKit/537.36 (KHTML, like Gecko) Chrome/100.0.4896.127 Safari/537.36"
::1 - - [25/Apr/2022:15:36:28 +0000] "GET /assets/img/coin.png HTTP/1.1" 304 - "http://localhost:5555/" "Mozilla/5.0 (Macintosh; Intel Mac OS X 10_15_7) AppleWebKit/537.36 (KHTML, like Gecko) Chrome/100.0.4896.127 Safari/537.36"
::1 - - [25/Apr/2022:15:36:28 +0000] "GET /main.js HTTP/1.1" 304 - "http://localhost:5555/" "Mozilla/5.0 (Macintosh; Intel Mac OS X 10_15_7) AppleWebKit/537.36 (KHTML, like Gecko) Chrome/100.0.4896.127 Safari/537.36"
::1 - - [25/Apr/2022:15:36:28 +0000] "GET /assets/img/heads.png HTTP/1.1" 304 - "http://localhost:5555/" "Mozilla/5.0 (Macintosh; Intel Mac OS X 10_15_7) AppleWebKit/537.36 (KHTML, like Gecko) Chrome/100.0.4896.127 Safari/537.36"
::1 - - [25/Apr/2022:15:36:28 +0000] "GET /assets/img/tails.png HTTP/1.1" 304 - "http://localhost:5555/" "Mozilla/5.0 (Macintosh; Intel Mac OS X 10_15_7) AppleWebKit/537.36 (KHTML, like Gecko) Chrome/100.0.4896.127 Safari/537.36"
::1 - - [25/Apr/2022:15:36:28 +0000] "GET /assets/favicon/manifest.json HTTP/1.1" 304 - "http://localhost:5555/" "Mozilla/5.0 (Macintosh; Intel Mac OS X 10_15_7) AppleWebKit/537.36 (KHTML, like Gecko) Chrome/100.0.4896.127 Safari/537.36"
::1 - - [25/Apr/2022:15:36:28 +0000] "GET /assets/favicon/favicon-32x32.png HTTP/1.1" 304 - "http://localhost:5555/" "Mozilla/5.0 (Macintosh; Intel Mac OS X 10_15_7) AppleWebKit/537.36 (KHTML, like Gecko) Chrome/100.0.4896.127 Safari/537.36"
::1 - - [25/Apr/2022:15:36:45 +0000] "GET / HTTP/1.1" 200 5063 "-" "Mozilla/5.0 (Macintosh; Intel Mac OS X 10_15_7) AppleWebKit/537.36 (KHTML, like Gecko) Chrome/100.0.4896.127 Safari/537.36"
::1 - - [25/Apr/2022:15:36:45 +0000] "GET /style.css HTTP/1.1" 304 - "http://localhost:5555/" "Mozilla/5.0 (Macintosh; Intel Mac OS X 10_15_7) AppleWebKit/537.36 (KHTML, like Gecko) Chrome/100.0.4896.127 Safari/537.36"
::1 - - [25/Apr/2022:15:36:45 +0000] "GET /assets/img/coin.png HTTP/1.1" 304 - "http://localhost:5555/" "Mozilla/5.0 (Macintosh; Intel Mac OS X 10_15_7) AppleWebKit/537.36 (KHTML, like Gecko) Chrome/100.0.4896.127 Safari/537.36"
::1 - - [25/Apr/2022:15:36:45 +0000] "GET /assets/img/heads.png HTTP/1.1" 304 - "http://localhost:5555/" "Mozilla/5.0 (Macintosh; Intel Mac OS X 10_15_7) AppleWebKit/537.36 (KHTML, like Gecko) Chrome/100.0.4896.127 Safari/537.36"
::1 - - [25/Apr/2022:15:36:45 +0000] "GET /assets/img/tails.png HTTP/1.1" 304 - "http://localhost:5555/" "Mozilla/5.0 (Macintosh; Intel Mac OS X 10_15_7) AppleWebKit/537.36 (KHTML, like Gecko) Chrome/100.0.4896.127 Safari/537.36"
::1 - - [25/Apr/2022:15:36:45 +0000] "GET /main.js HTTP/1.1" 304 - "http://localhost:5555/" "Mozilla/5.0 (Macintosh; Intel Mac OS X 10_15_7) AppleWebKit/537.36 (KHTML, like Gecko) Chrome/100.0.4896.127 Safari/537.36"
::1 - - [25/Apr/2022:15:36:46 +0000] "GET /assets/favicon/favicon-32x32.png HTTP/1.1" 304 - "http://localhost:5555/" "Mozilla/5.0 (Macintosh; Intel Mac OS X 10_15_7) AppleWebKit/537.36 (KHTML, like Gecko) Chrome/100.0.4896.127 Safari/537.36"
::1 - - [25/Apr/2022:15:36:46 +0000] "GET /assets/favicon/manifest.json HTTP/1.1" 304 - "http://localhost:5555/" "Mozilla/5.0 (Macintosh; Intel Mac OS X 10_15_7) AppleWebKit/537.36 (KHTML, like Gecko) Chrome/100.0.4896.127 Safari/537.36"
::1 - - [25/Apr/2022:15:36:49 +0000] "GET /assets/favicon/manifest.json HTTP/1.1" 304 - "http://localhost:5555/" "Mozilla/5.0 (Macintosh; Intel Mac OS X 10_15_7) AppleWebKit/537.36 (KHTML, like Gecko) Chrome/100.0.4896.127 Safari/537.36"
::1 - - [25/Apr/2022:15:37:23 +0000] "GET / HTTP/1.1" 200 5086 "-" "Mozilla/5.0 (Macintosh; Intel Mac OS X 10_15_7) AppleWebKit/537.36 (KHTML, like Gecko) Chrome/100.0.4896.127 Safari/537.36"
::1 - - [25/Apr/2022:15:37:23 +0000] "GET /style.css HTTP/1.1" 304 - "http://localhost:5555/" "Mozilla/5.0 (Macintosh; Intel Mac OS X 10_15_7) AppleWebKit/537.36 (KHTML, like Gecko) Chrome/100.0.4896.127 Safari/537.36"
::1 - - [25/Apr/2022:15:37:23 +0000] "GET /assets/img/coin.png HTTP/1.1" 304 - "http://localhost:5555/" "Mozilla/5.0 (Macintosh; Intel Mac OS X 10_15_7) AppleWebKit/537.36 (KHTML, like Gecko) Chrome/100.0.4896.127 Safari/537.36"
::1 - - [25/Apr/2022:15:37:23 +0000] "GET /assets/img/heads.png HTTP/1.1" 304 - "http://localhost:5555/" "Mozilla/5.0 (Macintosh; Intel Mac OS X 10_15_7) AppleWebKit/537.36 (KHTML, like Gecko) Chrome/100.0.4896.127 Safari/537.36"
::1 - - [25/Apr/2022:15:37:23 +0000] "GET /assets/img/tails.png HTTP/1.1" 304 - "http://localhost:5555/" "Mozilla/5.0 (Macintosh; Intel Mac OS X 10_15_7) AppleWebKit/537.36 (KHTML, like Gecko) Chrome/100.0.4896.127 Safari/537.36"
::1 - - [25/Apr/2022:15:37:23 +0000] "GET /main.js HTTP/1.1" 304 - "http://localhost:5555/" "Mozilla/5.0 (Macintosh; Intel Mac OS X 10_15_7) AppleWebKit/537.36 (KHTML, like Gecko) Chrome/100.0.4896.127 Safari/537.36"
::1 - - [25/Apr/2022:15:37:23 +0000] "GET /assets/favicon/manifest.json HTTP/1.1" 304 - "http://localhost:5555/" "Mozilla/5.0 (Macintosh; Intel Mac OS X 10_15_7) AppleWebKit/537.36 (KHTML, like Gecko) Chrome/100.0.4896.127 Safari/537.36"
::1 - - [25/Apr/2022:15:37:23 +0000] "GET /assets/favicon/favicon-32x32.png HTTP/1.1" 304 - "http://localhost:5555/" "Mozilla/5.0 (Macintosh; Intel Mac OS X 10_15_7) AppleWebKit/537.36 (KHTML, like Gecko) Chrome/100.0.4896.127 Safari/537.36"
::1 - - [25/Apr/2022:15:37:29 +0000] "GET /app/flip HTTP/1.1" 304 - "http://localhost:5555/" "Mozilla/5.0 (Macintosh; Intel Mac OS X 10_15_7) AppleWebKit/537.36 (KHTML, like Gecko) Chrome/100.0.4896.127 Safari/537.36"
::1 - - [25/Apr/2022:15:39:23 +0000] "GET / HTTP/1.1" 200 5143 "-" "Mozilla/5.0 (Macintosh; Intel Mac OS X 10_15_7) AppleWebKit/537.36 (KHTML, like Gecko) Chrome/100.0.4896.127 Safari/537.36"
::1 - - [25/Apr/2022:15:39:23 +0000] "GET /style.css HTTP/1.1" 304 - "http://localhost:5555/" "Mozilla/5.0 (Macintosh; Intel Mac OS X 10_15_7) AppleWebKit/537.36 (KHTML, like Gecko) Chrome/100.0.4896.127 Safari/537.36"
::1 - - [25/Apr/2022:15:39:23 +0000] "GET /assets/img/coin.png HTTP/1.1" 304 - "http://localhost:5555/" "Mozilla/5.0 (Macintosh; Intel Mac OS X 10_15_7) AppleWebKit/537.36 (KHTML, like Gecko) Chrome/100.0.4896.127 Safari/537.36"
::1 - - [25/Apr/2022:15:39:23 +0000] "GET /assets/img/heads.png HTTP/1.1" 304 - "http://localhost:5555/" "Mozilla/5.0 (Macintosh; Intel Mac OS X 10_15_7) AppleWebKit/537.36 (KHTML, like Gecko) Chrome/100.0.4896.127 Safari/537.36"
::1 - - [25/Apr/2022:15:39:23 +0000] "GET /assets/img/tails.png HTTP/1.1" 304 - "http://localhost:5555/" "Mozilla/5.0 (Macintosh; Intel Mac OS X 10_15_7) AppleWebKit/537.36 (KHTML, like Gecko) Chrome/100.0.4896.127 Safari/537.36"
::1 - - [25/Apr/2022:15:39:23 +0000] "GET /main.js HTTP/1.1" 304 - "http://localhost:5555/" "Mozilla/5.0 (Macintosh; Intel Mac OS X 10_15_7) AppleWebKit/537.36 (KHTML, like Gecko) Chrome/100.0.4896.127 Safari/537.36"
::1 - - [25/Apr/2022:15:39:23 +0000] "GET /assets/favicon/favicon-32x32.png HTTP/1.1" 304 - "http://localhost:5555/" "Mozilla/5.0 (Macintosh; Intel Mac OS X 10_15_7) AppleWebKit/537.36 (KHTML, like Gecko) Chrome/100.0.4896.127 Safari/537.36"
::1 - - [25/Apr/2022:15:39:23 +0000] "GET /assets/favicon/manifest.json HTTP/1.1" 304 - "http://localhost:5555/" "Mozilla/5.0 (Macintosh; Intel Mac OS X 10_15_7) AppleWebKit/537.36 (KHTML, like Gecko) Chrome/100.0.4896.127 Safari/537.36"
::1 - - [25/Apr/2022:15:40:40 +0000] "GET / HTTP/1.1" 200 5159 "-" "Mozilla/5.0 (Macintosh; Intel Mac OS X 10_15_7) AppleWebKit/537.36 (KHTML, like Gecko) Chrome/100.0.4896.127 Safari/537.36"
::1 - - [25/Apr/2022:15:40:40 +0000] "GET /style.css HTTP/1.1" 304 - "http://localhost:5555/" "Mozilla/5.0 (Macintosh; Intel Mac OS X 10_15_7) AppleWebKit/537.36 (KHTML, like Gecko) Chrome/100.0.4896.127 Safari/537.36"
::1 - - [25/Apr/2022:15:40:40 +0000] "GET /assets/img/tails.png HTTP/1.1" 304 - "http://localhost:5555/" "Mozilla/5.0 (Macintosh; Intel Mac OS X 10_15_7) AppleWebKit/537.36 (KHTML, like Gecko) Chrome/100.0.4896.127 Safari/537.36"
::1 - - [25/Apr/2022:15:40:40 +0000] "GET /assets/img/coin.png HTTP/1.1" 304 - "http://localhost:5555/" "Mozilla/5.0 (Macintosh; Intel Mac OS X 10_15_7) AppleWebKit/537.36 (KHTML, like Gecko) Chrome/100.0.4896.127 Safari/537.36"
::1 - - [25/Apr/2022:15:40:40 +0000] "GET /assets/img/heads.png HTTP/1.1" 304 - "http://localhost:5555/" "Mozilla/5.0 (Macintosh; Intel Mac OS X 10_15_7) AppleWebKit/537.36 (KHTML, like Gecko) Chrome/100.0.4896.127 Safari/537.36"
::1 - - [25/Apr/2022:15:40:40 +0000] "GET /main.js HTTP/1.1" 304 - "http://localhost:5555/" "Mozilla/5.0 (Macintosh; Intel Mac OS X 10_15_7) AppleWebKit/537.36 (KHTML, like Gecko) Chrome/100.0.4896.127 Safari/537.36"
::1 - - [25/Apr/2022:15:40:40 +0000] "GET /assets/favicon/manifest.json HTTP/1.1" 304 - "http://localhost:5555/" "Mozilla/5.0 (Macintosh; Intel Mac OS X 10_15_7) AppleWebKit/537.36 (KHTML, like Gecko) Chrome/100.0.4896.127 Safari/537.36"
::1 - - [25/Apr/2022:15:40:40 +0000] "GET /assets/favicon/favicon-32x32.png HTTP/1.1" 304 - "http://localhost:5555/" "Mozilla/5.0 (Macintosh; Intel Mac OS X 10_15_7) AppleWebKit/537.36 (KHTML, like Gecko) Chrome/100.0.4896.127 Safari/537.36"
::1 - - [25/Apr/2022:15:40:46 +0000] "GET / HTTP/1.1" 304 - "-" "Mozilla/5.0 (Macintosh; Intel Mac OS X 10_15_7) AppleWebKit/537.36 (KHTML, like Gecko) Chrome/100.0.4896.127 Safari/537.36"
::1 - - [25/Apr/2022:15:40:46 +0000] "GET /style.css HTTP/1.1" 304 - "http://localhost:5555/" "Mozilla/5.0 (Macintosh; Intel Mac OS X 10_15_7) AppleWebKit/537.36 (KHTML, like Gecko) Chrome/100.0.4896.127 Safari/537.36"
::1 - - [25/Apr/2022:15:40:46 +0000] "GET /assets/img/coin.png HTTP/1.1" 304 - "http://localhost:5555/" "Mozilla/5.0 (Macintosh; Intel Mac OS X 10_15_7) AppleWebKit/537.36 (KHTML, like Gecko) Chrome/100.0.4896.127 Safari/537.36"
::1 - - [25/Apr/2022:15:40:46 +0000] "GET /assets/img/heads.png HTTP/1.1" 304 - "http://localhost:5555/" "Mozilla/5.0 (Macintosh; Intel Mac OS X 10_15_7) AppleWebKit/537.36 (KHTML, like Gecko) Chrome/100.0.4896.127 Safari/537.36"
::1 - - [25/Apr/2022:15:40:46 +0000] "GET /main.js HTTP/1.1" 304 - "http://localhost:5555/" "Mozilla/5.0 (Macintosh; Intel Mac OS X 10_15_7) AppleWebKit/537.36 (KHTML, like Gecko) Chrome/100.0.4896.127 Safari/537.36"
::1 - - [25/Apr/2022:15:40:46 +0000] "GET /assets/img/tails.png HTTP/1.1" 304 - "http://localhost:5555/" "Mozilla/5.0 (Macintosh; Intel Mac OS X 10_15_7) AppleWebKit/537.36 (KHTML, like Gecko) Chrome/100.0.4896.127 Safari/537.36"
::1 - - [25/Apr/2022:15:40:46 +0000] "GET /assets/favicon/favicon-32x32.png HTTP/1.1" 304 - "http://localhost:5555/" "Mozilla/5.0 (Macintosh; Intel Mac OS X 10_15_7) AppleWebKit/537.36 (KHTML, like Gecko) Chrome/100.0.4896.127 Safari/537.36"
::1 - - [25/Apr/2022:15:40:46 +0000] "GET /assets/favicon/manifest.json HTTP/1.1" 304 - "http://localhost:5555/" "Mozilla/5.0 (Macintosh; Intel Mac OS X 10_15_7) AppleWebKit/537.36 (KHTML, like Gecko) Chrome/100.0.4896.127 Safari/537.36"
::1 - - [25/Apr/2022:15:40:48 +0000] "GET /app/flip HTTP/1.1" 200 16 "http://localhost:5555/" "Mozilla/5.0 (Macintosh; Intel Mac OS X 10_15_7) AppleWebKit/537.36 (KHTML, like Gecko) Chrome/100.0.4896.127 Safari/537.36"
::1 - - [25/Apr/2022:15:40:54 +0000] "POST /app/flip/call/ HTTP/1.1" 200 47 "http://localhost:5555/" "Mozilla/5.0 (Macintosh; Intel Mac OS X 10_15_7) AppleWebKit/537.36 (KHTML, like Gecko) Chrome/100.0.4896.127 Safari/537.36"
::1 - - [25/Apr/2022:15:40:54 +0000] "POST /app/flip/call/ HTTP/1.1" 200 47 "http://localhost:5555/" "Mozilla/5.0 (Macintosh; Intel Mac OS X 10_15_7) AppleWebKit/537.36 (KHTML, like Gecko) Chrome/100.0.4896.127 Safari/537.36"
::1 - - [25/Apr/2022:15:40:57 +0000] "POST /app/flip/call/ HTTP/1.1" 200 46 "http://localhost:5555/" "Mozilla/5.0 (Macintosh; Intel Mac OS X 10_15_7) AppleWebKit/537.36 (KHTML, like Gecko) Chrome/100.0.4896.127 Safari/537.36"
::1 - - [25/Apr/2022:15:40:57 +0000] "POST /app/flip/call/ HTTP/1.1" 200 46 "http://localhost:5555/" "Mozilla/5.0 (Macintosh; Intel Mac OS X 10_15_7) AppleWebKit/537.36 (KHTML, like Gecko) Chrome/100.0.4896.127 Safari/537.36"
::1 - - [25/Apr/2022:15:40:57 +0000] "POST /app/flip/call/ HTTP/1.1" 200 47 "http://localhost:5555/" "Mozilla/5.0 (Macintosh; Intel Mac OS X 10_15_7) AppleWebKit/537.36 (KHTML, like Gecko) Chrome/100.0.4896.127 Safari/537.36"
::1 - - [25/Apr/2022:15:40:58 +0000] "POST /app/flip/call/ HTTP/1.1" 200 46 "http://localhost:5555/" "Mozilla/5.0 (Macintosh; Intel Mac OS X 10_15_7) AppleWebKit/537.36 (KHTML, like Gecko) Chrome/100.0.4896.127 Safari/537.36"
::1 - - [25/Apr/2022:15:40:58 +0000] "POST /app/flip/call/ HTTP/1.1" 200 46 "http://localhost:5555/" "Mozilla/5.0 (Macintosh; Intel Mac OS X 10_15_7) AppleWebKit/537.36 (KHTML, like Gecko) Chrome/100.0.4896.127 Safari/537.36"
::1 - - [25/Apr/2022:15:40:58 +0000] "POST /app/flip/call/ HTTP/1.1" 200 46 "http://localhost:5555/" "Mozilla/5.0 (Macintosh; Intel Mac OS X 10_15_7) AppleWebKit/537.36 (KHTML, like Gecko) Chrome/100.0.4896.127 Safari/537.36"
::1 - - [25/Apr/2022:15:40:58 +0000] "POST /app/flip/call/ HTTP/1.1" 200 47 "http://localhost:5555/" "Mozilla/5.0 (Macintosh; Intel Mac OS X 10_15_7) AppleWebKit/537.36 (KHTML, like Gecko) Chrome/100.0.4896.127 Safari/537.36"
::1 - - [25/Apr/2022:15:40:58 +0000] "POST /app/flip/call/ HTTP/1.1" 200 46 "http://localhost:5555/" "Mozilla/5.0 (Macintosh; Intel Mac OS X 10_15_7) AppleWebKit/537.36 (KHTML, like Gecko) Chrome/100.0.4896.127 Safari/537.36"
::1 - - [25/Apr/2022:15:40:59 +0000] "POST /app/flip/call/ HTTP/1.1" 200 47 "http://localhost:5555/" "Mozilla/5.0 (Macintosh; Intel Mac OS X 10_15_7) AppleWebKit/537.36 (KHTML, like Gecko) Chrome/100.0.4896.127 Safari/537.36"
::1 - - [25/Apr/2022:15:40:59 +0000] "POST /app/flip/call/ HTTP/1.1" 200 46 "http://localhost:5555/" "Mozilla/5.0 (Macintosh; Intel Mac OS X 10_15_7) AppleWebKit/537.36 (KHTML, like Gecko) Chrome/100.0.4896.127 Safari/537.36"
::1 - - [25/Apr/2022:15:40:59 +0000] "POST /app/flip/call/ HTTP/1.1" 200 47 "http://localhost:5555/" "Mozilla/5.0 (Macintosh; Intel Mac OS X 10_15_7) AppleWebKit/537.36 (KHTML, like Gecko) Chrome/100.0.4896.127 Safari/537.36"
::1 - - [25/Apr/2022:15:40:59 +0000] "POST /app/flip/call/ HTTP/1.1" 200 47 "http://localhost:5555/" "Mozilla/5.0 (Macintosh; Intel Mac OS X 10_15_7) AppleWebKit/537.36 (KHTML, like Gecko) Chrome/100.0.4896.127 Safari/537.36"
::1 - - [25/Apr/2022:15:40:59 +0000] "POST /app/flip/call/ HTTP/1.1" 200 46 "http://localhost:5555/" "Mozilla/5.0 (Macintosh; Intel Mac OS X 10_15_7) AppleWebKit/537.36 (KHTML, like Gecko) Chrome/100.0.4896.127 Safari/537.36"
::1 - - [25/Apr/2022:15:41:00 +0000] "POST /app/flip/call/ HTTP/1.1" 200 47 "http://localhost:5555/" "Mozilla/5.0 (Macintosh; Intel Mac OS X 10_15_7) AppleWebKit/537.36 (KHTML, like Gecko) Chrome/100.0.4896.127 Safari/537.36"
::1 - - [25/Apr/2022:15:42:24 +0000] "GET / HTTP/1.1" 200 5183 "-" "Mozilla/5.0 (Macintosh; Intel Mac OS X 10_15_7) AppleWebKit/537.36 (KHTML, like Gecko) Chrome/100.0.4896.127 Safari/537.36"
::1 - - [25/Apr/2022:15:42:24 +0000] "GET /style.css HTTP/1.1" 304 - "http://localhost:5555/" "Mozilla/5.0 (Macintosh; Intel Mac OS X 10_15_7) AppleWebKit/537.36 (KHTML, like Gecko) Chrome/100.0.4896.127 Safari/537.36"
::1 - - [25/Apr/2022:15:42:24 +0000] "GET /assets/img/coin.png HTTP/1.1" 304 - "http://localhost:5555/" "Mozilla/5.0 (Macintosh; Intel Mac OS X 10_15_7) AppleWebKit/537.36 (KHTML, like Gecko) Chrome/100.0.4896.127 Safari/537.36"
::1 - - [25/Apr/2022:15:42:24 +0000] "GET /assets/img/heads.png HTTP/1.1" 304 - "http://localhost:5555/" "Mozilla/5.0 (Macintosh; Intel Mac OS X 10_15_7) AppleWebKit/537.36 (KHTML, like Gecko) Chrome/100.0.4896.127 Safari/537.36"
::1 - - [25/Apr/2022:15:42:24 +0000] "GET /assets/img/tails.png HTTP/1.1" 304 - "http://localhost:5555/" "Mozilla/5.0 (Macintosh; Intel Mac OS X 10_15_7) AppleWebKit/537.36 (KHTML, like Gecko) Chrome/100.0.4896.127 Safari/537.36"
::1 - - [25/Apr/2022:15:42:24 +0000] "GET /main.js HTTP/1.1" 304 - "http://localhost:5555/" "Mozilla/5.0 (Macintosh; Intel Mac OS X 10_15_7) AppleWebKit/537.36 (KHTML, like Gecko) Chrome/100.0.4896.127 Safari/537.36"
::1 - - [25/Apr/2022:15:42:24 +0000] "GET /assets/favicon/favicon-32x32.png HTTP/1.1" 304 - "http://localhost:5555/" "Mozilla/5.0 (Macintosh; Intel Mac OS X 10_15_7) AppleWebKit/537.36 (KHTML, like Gecko) Chrome/100.0.4896.127 Safari/537.36"
::1 - - [25/Apr/2022:15:42:24 +0000] "GET /assets/favicon/manifest.json HTTP/1.1" 304 - "http://localhost:5555/" "Mozilla/5.0 (Macintosh; Intel Mac OS X 10_15_7) AppleWebKit/537.36 (KHTML, like Gecko) Chrome/100.0.4896.127 Safari/537.36"
::1 - - [25/Apr/2022:15:42:26 +0000] "POST /app/flip/call/ HTTP/1.1" 500 142 "http://localhost:5555/" "Mozilla/5.0 (Macintosh; Intel Mac OS X 10_15_7) AppleWebKit/537.36 (KHTML, like Gecko) Chrome/100.0.4896.127 Safari/537.36"
::1 - - [25/Apr/2022:15:42:28 +0000] "POST /app/flip/call/ HTTP/1.1" 200 47 "http://localhost:5555/" "Mozilla/5.0 (Macintosh; Intel Mac OS X 10_15_7) AppleWebKit/537.36 (KHTML, like Gecko) Chrome/100.0.4896.127 Safari/537.36"
::1 - - [25/Apr/2022:15:42:30 +0000] "POST /app/flip/call/ HTTP/1.1" 200 47 "http://localhost:5555/" "Mozilla/5.0 (Macintosh; Intel Mac OS X 10_15_7) AppleWebKit/537.36 (KHTML, like Gecko) Chrome/100.0.4896.127 Safari/537.36"
